<?xml version="1.0" encoding="UTF-8"?>
<!-- Generated by org.testng.reporters.JUnitReportReporter -->
<testsuite hostname="DESKTOP-KTE2BDQ" failures="0" tests="2" name="BD.com.Java_Automation.TostHandle" time="18.818" errors="0" timestamp="2022-12-28T19:19:23 BDT" skipped="0">
  <testcase classname="BD.com.Java_Automation.TostHandle" name="openBrowser" time="7.092"/>
  <system-out/>
  <testcase classname="BD.com.Java_Automation.TostHandle" name="tostHandle" time="11.726"/>
  <system-out/>
</testsuite> <!-- BD.com.Java_Automation.TostHandle -->
