<?xml version="1.0" encoding="UTF-8"?>
<!-- Generated by org.testng.reporters.JUnitReportReporter -->
<testsuite hostname="DESKTOP-KTE2BDQ" failures="0" tests="2" name="BD.com.Java_Automation.AlertExample" time="23.843" errors="0" timestamp="2022-12-13T12:57:11 BDT" skipped="0">
  <testcase classname="BD.com.Java_Automation.AlertExample" name="openBrowser" time="9.416"/>
  <system-out/>
  <testcase classname="BD.com.Java_Automation.AlertExample" name="alertCheck" time="14.427"/>
  <system-out/>
</testsuite> <!-- BD.com.Java_Automation.AlertExample -->
