<?xml version="1.0" encoding="UTF-8"?>
<!-- Generated by org.testng.reporters.JUnitReportReporter -->
<testsuite hostname="DESKTOP-KTE2BDQ" failures="0" tests="2" name="BD.com.Java_Automation.KeyBoardAction" time="15.575" errors="0" timestamp="2022-12-12T12:57:19 BDT" skipped="0">
  <testcase classname="BD.com.Java_Automation.KeyBoardAction" name="openUrl" time="11.089"/>
  <system-out/>
  <testcase classname="BD.com.Java_Automation.KeyBoardAction" name="copyPaste" time="4.486"/>
  <system-out/>
</testsuite> <!-- BD.com.Java_Automation.KeyBoardAction -->
