<?xml version="1.0" encoding="UTF-8"?>
<!-- Generated by org.testng.reporters.JUnitReportReporter -->
<testsuite hostname="DESKTOP-KTE2BDQ" failures="0" tests="3" name="BD.com.Java_Automation.HoverHandle" time="82.104" errors="0" timestamp="2022-12-09T21:45:46 BDT" skipped="0">
  <testcase classname="BD.com.Java_Automation.HoverHandle" name="openBrowser" time="23.674"/>
  <system-out/>
  <testcase classname="BD.com.Java_Automation.HoverHandle" name="hoverTest" time="29.821"/>
  <system-out/>
  <testcase classname="BD.com.Java_Automation.HoverHandle" name="hoverTest2" time="28.609"/>
  <system-out/>
</testsuite> <!-- BD.com.Java_Automation.HoverHandle -->
