<?xml version="1.0" encoding="UTF-8"?>
<!-- Generated by org.testng.reporters.JUnitReportReporter -->
<testsuite hostname="DESKTOP-KTE2BDQ" failures="0" tests="1" name="BD.com.Java_Automation.JsAndScroll" time="47.819" errors="0" timestamp="2022-12-30T20:17:44 BDT" skipped="0">
  <testcase classname="BD.com.Java_Automation.JsAndScroll" name="scrollUaingJs" time="47.819"/>
  <system-out/>
</testsuite> <!-- BD.com.Java_Automation.JsAndScroll -->
