<?xml version="1.0" encoding="UTF-8"?>
<!-- Generated by org.testng.reporters.JUnitReportReporter -->
<testsuite hostname="DESKTOP-KTE2BDQ" failures="0" tests="2" name="BD.com.Java_Automation.WaitInSelenium" time="14.063" errors="0" timestamp="2022-12-30T19:02:18 BDT" skipped="0">
  <testcase classname="BD.com.Java_Automation.WaitInSelenium" name="openBrowser" time="3.148"/>
  <system-out/>
  <testcase classname="BD.com.Java_Automation.WaitInSelenium" name="seleniumWaitHandle" time="10.915"/>
  <system-out/>
</testsuite> <!-- BD.com.Java_Automation.WaitInSelenium -->
