<?xml version="1.0" encoding="UTF-8"?>
<!-- Generated by org.testng.reporters.JUnitReportReporter -->
<testsuite hostname="DESKTOP-KTE2BDQ" failures="0" tests="2" name="BD.com.Java_Automation.NavigateExample" time="14.892" errors="0" timestamp="2022-12-04T11:37:24 BDT" skipped="0">
  <testcase classname="BD.com.Java_Automation.NavigateExample" name="OpenBrowser" time="6.252"/>
  <system-out/>
  <testcase classname="BD.com.Java_Automation.NavigateExample" name="navigate" time="8.640"/>
  <system-out/>
</testsuite> <!-- BD.com.Java_Automation.NavigateExample -->
