<?xml version="1.0" encoding="UTF-8"?>
<!-- Generated by org.testng.reporters.JUnitReportReporter -->
<testsuite hostname="DESKTOP-KTE2BDQ" failures="0" tests="2" name="BD.com.Java_Automation.FormExample" time="23.327" errors="0" timestamp="2022-12-12T13:57:28 BDT" skipped="0">
  <testcase classname="BD.com.Java_Automation.FormExample" name="startWebSite" time="8.399"/>
  <system-out/>
  <testcase classname="BD.com.Java_Automation.FormExample" name="formFillUp" time="14.928"/>
  <system-out/>
</testsuite> <!-- BD.com.Java_Automation.FormExample -->
