<?xml version="1.0" encoding="UTF-8"?>
<!-- Generated by org.testng.reporters.JUnitReportReporter -->
<testsuite hostname="DESKTOP-KTE2BDQ" failures="0" tests="2" name="BD.com.Java_Automation.AssertionExample" time="23.610" errors="0" timestamp="2022-12-07T12:17:14 BDT" skipped="0">
  <testcase classname="BD.com.Java_Automation.AssertionExample" name="openBrowser" time="9.132"/>
  <system-out/>
  <testcase classname="BD.com.Java_Automation.AssertionExample" name="alertCheck" time="14.478"/>
  <system-out/>
</testsuite> <!-- BD.com.Java_Automation.AssertionExample -->
