<?xml version="1.0" encoding="UTF-8"?>
<!-- Generated by org.testng.reporters.JUnitReportReporter -->
<testsuite hostname="DESKTOP-KTE2BDQ" failures="0" tests="2" name="BD.com.Java_Automation.IFrameHandle" time="10.609" errors="0" timestamp="2022-12-30T21:00:05 BDT" skipped="0">
  <testcase classname="BD.com.Java_Automation.IFrameHandle" name="openBrowser" time="6.341"/>
  <system-out/>
  <testcase classname="BD.com.Java_Automation.IFrameHandle" name="handleIFrame" time="4.268"/>
  <system-out/>
</testsuite> <!-- BD.com.Java_Automation.IFrameHandle -->
