<?xml version="1.0" encoding="UTF-8"?>
<!-- Generated by org.testng.reporters.JUnitReportReporter -->
<testsuite hostname="DESKTOP-KTE2BDQ" failures="0" tests="2" name="BD.com.Java_Automation.WindowHandle" time="18.194" errors="0" timestamp="2022-12-28T18:35:11 BDT" skipped="0">
  <testcase classname="BD.com.Java_Automation.WindowHandle" name="openBrowser" time="7.171"/>
  <system-out/>
  <testcase classname="BD.com.Java_Automation.WindowHandle" name="handleIFrame" time="11.023"/>
  <system-out/>
</testsuite> <!-- BD.com.Java_Automation.WindowHandle -->
