<?xml version="1.0" encoding="UTF-8"?>
<!-- Generated by org.testng.reporters.JUnitReportReporter -->
<testsuite hostname="DESKTOP-KTE2BDQ" failures="0" tests="3" name="BD.com.Java_Automation.TestNGExample" time="0.021" errors="0" timestamp="2022-12-12T11:45:41 BDT" skipped="0">
  <testcase classname="BD.com.Java_Automation.TestNGExample" name="test3" time="0.012"/>
  <system-out/>
  <testcase classname="BD.com.Java_Automation.TestNGExample" name="test" time="0.005"/>
  <system-out/>
  <testcase classname="BD.com.Java_Automation.TestNGExample" name="test2" time="0.004"/>
  <system-out/>
</testsuite> <!-- BD.com.Java_Automation.TestNGExample -->
